Analysis & Elaboration report for projeto_relogio
Fri Oct 21 14:23:59 2022
Quartus Prime Version 20.1.0 Build 711 06/05/2020 SJ Lite Edition


---------------------
; Table of Contents ;
---------------------
  1. Legal Notice
  2. Analysis & Elaboration Summary
  3. Parallel Compilation
  4. Analysis & Elaboration Settings
  5. Analysis & Elaboration Messages



----------------
; Legal Notice ;
----------------
Copyright (C) 2020  Intel Corporation. All rights reserved.
Your use of Intel Corporation's design tools, logic functions 
and other software and tools, and any partner logic 
functions, and any output files from any of the foregoing 
(including device programming or simulation files), and any 
associated documentation or information are expressly subject 
to the terms and conditions of the Intel Program License 
Subscription Agreement, the Intel Quartus Prime License Agreement,
the Intel FPGA IP License Agreement, or other applicable license
agreement, including, without limitation, that your use is for
the sole purpose of programming logic devices manufactured by
Intel and sold by Intel or its authorized distributors.  Please
refer to the applicable agreement for further details, at
https://fpgasoftware.intel.com/eula.



+-----------------------------------------------------------------------------+
; Analysis & Elaboration Summary                                              ;
+-------------------------------+---------------------------------------------+
; Analysis & Elaboration Status ; Failed - Fri Oct 21 14:23:59 2022           ;
; Quartus Prime Version         ; 20.1.0 Build 711 06/05/2020 SJ Lite Edition ;
; Revision Name                 ; projeto_relogio                             ;
; Top-level Entity Name         ; projeto_relogio                             ;
; Family                        ; Cyclone V                                   ;
; Logic utilization (in ALMs)   ; N/A until Partition Merge                   ;
; Total registers               ; N/A until Partition Merge                   ;
; Total pins                    ; N/A until Partition Merge                   ;
; Total virtual pins            ; N/A until Partition Merge                   ;
; Total block memory bits       ; N/A until Partition Merge                   ;
; Total PLLs                    ; N/A until Partition Merge                   ;
; Total DLLs                    ; N/A until Partition Merge                   ;
+-------------------------------+---------------------------------------------+


+------------------------------------------+
; Parallel Compilation                     ;
+----------------------------+-------------+
; Processors                 ; Number      ;
+----------------------------+-------------+
; Number detected on machine ; 8           ;
; Maximum allowed            ; 4           ;
;                            ;             ;
; Average used               ; 1.00        ;
; Maximum used               ; 1           ;
;                            ;             ;
; Usage by Processor         ; % Time Used ;
;     Processor 1            ; 100.0%      ;
+----------------------------+-------------+


+---------------------------------------------------------------------------------------------------------------------------+
; Analysis & Elaboration Settings                                                                                           ;
+---------------------------------------------------------------------------------+--------------------+--------------------+
; Option                                                                          ; Setting            ; Default Value      ;
+---------------------------------------------------------------------------------+--------------------+--------------------+
; Device                                                                          ; 5CGXFC7C7F23C8     ;                    ;
; Top-level entity name                                                           ; projeto_relogio    ; projeto_relogio    ;
; Family name                                                                     ; Cyclone V          ; Cyclone V          ;
; Use smart compilation                                                           ; Off                ; Off                ;
; Enable parallel Assembler and Timing Analyzer during compilation                ; On                 ; On                 ;
; Enable compact report table                                                     ; Off                ; Off                ;
; Restructure Multiplexers                                                        ; Auto               ; Auto               ;
; MLAB Add Timing Constraints For Mixed-Port Feed-Through Mode Setting Don't Care ; Off                ; Off                ;
; Create Debugging Nodes for IP Cores                                             ; Off                ; Off                ;
; Preserve fewer node names                                                       ; On                 ; On                 ;
; Intel FPGA IP Evaluation Mode                                                   ; Enable             ; Enable             ;
; Verilog Version                                                                 ; Verilog_2001       ; Verilog_2001       ;
; VHDL Version                                                                    ; VHDL_1993          ; VHDL_1993          ;
; State Machine Processing                                                        ; Auto               ; Auto               ;
; Safe State Machine                                                              ; Off                ; Off                ;
; Extract Verilog State Machines                                                  ; On                 ; On                 ;
; Extract VHDL State Machines                                                     ; On                 ; On                 ;
; Ignore Verilog initial constructs                                               ; Off                ; Off                ;
; Iteration limit for constant Verilog loops                                      ; 5000               ; 5000               ;
; Iteration limit for non-constant Verilog loops                                  ; 250                ; 250                ;
; Add Pass-Through Logic to Inferred RAMs                                         ; On                 ; On                 ;
; Infer RAMs from Raw Logic                                                       ; On                 ; On                 ;
; Parallel Synthesis                                                              ; On                 ; On                 ;
; DSP Block Balancing                                                             ; Auto               ; Auto               ;
; NOT Gate Push-Back                                                              ; On                 ; On                 ;
; Power-Up Don't Care                                                             ; On                 ; On                 ;
; Remove Redundant Logic Cells                                                    ; Off                ; Off                ;
; Remove Duplicate Registers                                                      ; On                 ; On                 ;
; Ignore CARRY Buffers                                                            ; Off                ; Off                ;
; Ignore CASCADE Buffers                                                          ; Off                ; Off                ;
; Ignore GLOBAL Buffers                                                           ; Off                ; Off                ;
; Ignore ROW GLOBAL Buffers                                                       ; Off                ; Off                ;
; Ignore LCELL Buffers                                                            ; Off                ; Off                ;
; Ignore SOFT Buffers                                                             ; On                 ; On                 ;
; Limit AHDL Integers to 32 Bits                                                  ; Off                ; Off                ;
; Optimization Technique                                                          ; Balanced           ; Balanced           ;
; Carry Chain Length                                                              ; 70                 ; 70                 ;
; Auto Carry Chains                                                               ; On                 ; On                 ;
; Auto Open-Drain Pins                                                            ; On                 ; On                 ;
; Perform WYSIWYG Primitive Resynthesis                                           ; Off                ; Off                ;
; Auto ROM Replacement                                                            ; On                 ; On                 ;
; Auto RAM Replacement                                                            ; On                 ; On                 ;
; Auto DSP Block Replacement                                                      ; On                 ; On                 ;
; Auto Shift Register Replacement                                                 ; Auto               ; Auto               ;
; Allow Shift Register Merging across Hierarchies                                 ; Auto               ; Auto               ;
; Auto Clock Enable Replacement                                                   ; On                 ; On                 ;
; Strict RAM Replacement                                                          ; Off                ; Off                ;
; Allow Synchronous Control Signals                                               ; On                 ; On                 ;
; Force Use of Synchronous Clear Signals                                          ; Off                ; Off                ;
; Auto Resource Sharing                                                           ; Off                ; Off                ;
; Allow Any RAM Size For Recognition                                              ; Off                ; Off                ;
; Allow Any ROM Size For Recognition                                              ; Off                ; Off                ;
; Allow Any Shift Register Size For Recognition                                   ; Off                ; Off                ;
; Use LogicLock Constraints during Resource Balancing                             ; On                 ; On                 ;
; Ignore translate_off and synthesis_off directives                               ; Off                ; Off                ;
; Timing-Driven Synthesis                                                         ; On                 ; On                 ;
; Report Parameter Settings                                                       ; On                 ; On                 ;
; Report Source Assignments                                                       ; On                 ; On                 ;
; Report Connectivity Checks                                                      ; On                 ; On                 ;
; Ignore Maximum Fan-Out Assignments                                              ; Off                ; Off                ;
; Synchronization Register Chain Length                                           ; 3                  ; 3                  ;
; Power Optimization During Synthesis                                             ; Normal compilation ; Normal compilation ;
; HDL message level                                                               ; Level2             ; Level2             ;
; Suppress Register Optimization Related Messages                                 ; Off                ; Off                ;
; Number of Removed Registers Reported in Synthesis Report                        ; 5000               ; 5000               ;
; Number of Swept Nodes Reported in Synthesis Report                              ; 5000               ; 5000               ;
; Number of Inverted Registers Reported in Synthesis Report                       ; 100                ; 100                ;
; Clock MUX Protection                                                            ; On                 ; On                 ;
; Auto Gated Clock Conversion                                                     ; Off                ; Off                ;
; Block Design Naming                                                             ; Auto               ; Auto               ;
; SDC constraint protection                                                       ; Off                ; Off                ;
; Synthesis Effort                                                                ; Auto               ; Auto               ;
; Shift Register Replacement - Allow Asynchronous Clear Signal                    ; On                 ; On                 ;
; Pre-Mapping Resynthesis Optimization                                            ; Off                ; Off                ;
; Analysis & Synthesis Message Level                                              ; Medium             ; Medium             ;
; Disable Register Merging Across Hierarchies                                     ; Auto               ; Auto               ;
; Resource Aware Inference For Block RAM                                          ; On                 ; On                 ;
; Automatic Parallel Synthesis                                                    ; On                 ; On                 ;
; Partial Reconfiguration Bitstream ID                                            ; Off                ; Off                ;
+---------------------------------------------------------------------------------+--------------------+--------------------+


+---------------------------------+
; Analysis & Elaboration Messages ;
+---------------------------------+
Info: *******************************************************************
Info: Running Quartus Prime Analysis & Elaboration
    Info: Version 20.1.0 Build 711 06/05/2020 SJ Lite Edition
    Info: Processing started: Fri Oct 21 14:23:43 2022
Info: Command: quartus_map --read_settings_files=on --write_settings_files=off projeto_relogio -c projeto_relogio --analysis_and_elaboration
Warning (18236): Number of processors has not been specified which may cause overloading on shared machines.  Set the global assignment NUM_PARALLEL_PROCESSORS in your QSF to an appropriate value for best performance.
Info (20030): Parallel compilation is enabled and will use 4 of the 4 processors detected
Info (12021): Found 2 design units, including 1 entities, in source file modelo_7seg.vhd
    Info (12022): Found design unit 1: modelo_7Seg-arch_name File: C:/Users/Luiza Valezim/OneDrive/Desktop/Insper/2022.2/Design de Computadores/DESCOMP/Projetos/Projeto 1/modelo_7seg.vhd Line: 23
    Info (12023): Found entity 1: modelo_7Seg File: C:/Users/Luiza Valezim/OneDrive/Desktop/Insper/2022.2/Design de Computadores/DESCOMP/Projetos/Projeto 1/modelo_7seg.vhd Line: 4
Info (12021): Found 2 design units, including 1 entities, in source file registradorgenerico.vhd
    Info (12022): Found design unit 1: registradorGenerico-comportamento File: C:/Users/Luiza Valezim/OneDrive/Desktop/Insper/2022.2/Design de Computadores/DESCOMP/Projetos/Projeto 1/registradorGenerico.vhd Line: 15
    Info (12023): Found entity 1: registradorGenerico File: C:/Users/Luiza Valezim/OneDrive/Desktop/Insper/2022.2/Design de Computadores/DESCOMP/Projetos/Projeto 1/registradorGenerico.vhd Line: 4
Info (12021): Found 2 design units, including 1 entities, in source file registradorgenerico_4bits.vhd
    Info (12022): Found design unit 1: registradorGenerico_4bits-comportamento File: C:/Users/Luiza Valezim/OneDrive/Desktop/Insper/2022.2/Design de Computadores/DESCOMP/Projetos/Projeto 1/registradorGenerico_4bits.vhd Line: 15
    Info (12023): Found entity 1: registradorGenerico_4bits File: C:/Users/Luiza Valezim/OneDrive/Desktop/Insper/2022.2/Design de Computadores/DESCOMP/Projetos/Projeto 1/registradorGenerico_4bits.vhd Line: 4
Info (12021): Found 2 design units, including 1 entities, in source file conversorhex7seg.vhd
    Info (12022): Found design unit 1: conversorHex7Seg-comportamento File: C:/Users/Luiza Valezim/OneDrive/Desktop/Insper/2022.2/Design de Computadores/DESCOMP/Projetos/Projeto 1/conversorHex7Seg.vhd Line: 17
    Info (12023): Found entity 1: conversorHex7Seg File: C:/Users/Luiza Valezim/OneDrive/Desktop/Insper/2022.2/Design de Computadores/DESCOMP/Projetos/Projeto 1/conversorHex7Seg.vhd Line: 4
Info (12021): Found 2 design units, including 1 entities, in source file memoriaram.vhd
    Info (12022): Found design unit 1: memoriaRAM-rtl File: C:/Users/Luiza Valezim/OneDrive/Desktop/Insper/2022.2/Design de Computadores/DESCOMP/Projetos/Projeto 1/memoriaRAM.vhd Line: 21
    Info (12023): Found entity 1: memoriaRAM File: C:/Users/Luiza Valezim/OneDrive/Desktop/Insper/2022.2/Design de Computadores/DESCOMP/Projetos/Projeto 1/memoriaRAM.vhd Line: 5
Info (12021): Found 2 design units, including 1 entities, in source file memoriarom.vhd
    Info (12022): Found design unit 1: memoriaROM-assincrona File: C:/Users/Luiza Valezim/OneDrive/Desktop/Insper/2022.2/Design de Computadores/DESCOMP/Projetos/Projeto 1/memoriaROM.vhd Line: 16
    Info (12023): Found entity 1: memoriaROM File: C:/Users/Luiza Valezim/OneDrive/Desktop/Insper/2022.2/Design de Computadores/DESCOMP/Projetos/Projeto 1/memoriaROM.vhd Line: 5
Info (12021): Found 2 design units, including 1 entities, in source file processador.vhd
    Info (12022): Found design unit 1: processador-arquitetura File: C:/Users/Luiza Valezim/OneDrive/Desktop/Insper/2022.2/Design de Computadores/DESCOMP/Projetos/Projeto 1/processador.vhd Line: 26
    Info (12023): Found entity 1: processador File: C:/Users/Luiza Valezim/OneDrive/Desktop/Insper/2022.2/Design de Computadores/DESCOMP/Projetos/Projeto 1/processador.vhd Line: 4
Info (12021): Found 2 design units, including 1 entities, in source file ulasomasub.vhd
    Info (12022): Found design unit 1: ULASomaSub-comportamento File: C:/Users/Luiza Valezim/OneDrive/Desktop/Insper/2022.2/Design de Computadores/DESCOMP/Projetos/Projeto 1/ULASomaSub.vhd Line: 15
    Info (12023): Found entity 1: ULASomaSub File: C:/Users/Luiza Valezim/OneDrive/Desktop/Insper/2022.2/Design de Computadores/DESCOMP/Projetos/Projeto 1/ULASomaSub.vhd Line: 5
Info (12021): Found 2 design units, including 1 entities, in source file flipflopgenerico.vhd
    Info (12022): Found design unit 1: flipflopGenerico-comportamento File: C:/Users/Luiza Valezim/OneDrive/Desktop/Insper/2022.2/Design de Computadores/DESCOMP/Projetos/Projeto 1/flipflopGenerico.vhd Line: 13
    Info (12023): Found entity 1: flipflopGenerico File: C:/Users/Luiza Valezim/OneDrive/Desktop/Insper/2022.2/Design de Computadores/DESCOMP/Projetos/Projeto 1/flipflopGenerico.vhd Line: 4
Info (12021): Found 2 design units, including 1 entities, in source file muxgenerico2x1.vhd
    Info (12022): Found design unit 1: muxGenerico2x1-comportamento File: C:/Users/Luiza Valezim/OneDrive/Desktop/Insper/2022.2/Design de Computadores/DESCOMP/Projetos/Projeto 1/muxGenerico2x1.vhd Line: 14
    Info (12023): Found entity 1: muxGenerico2x1 File: C:/Users/Luiza Valezim/OneDrive/Desktop/Insper/2022.2/Design de Computadores/DESCOMP/Projetos/Projeto 1/muxGenerico2x1.vhd Line: 4
Info (12021): Found 2 design units, including 1 entities, in source file muxgenerico4x1.vhd
    Info (12022): Found design unit 1: muxGenerico4x1-arch_name File: C:/Users/Luiza Valezim/OneDrive/Desktop/Insper/2022.2/Design de Computadores/DESCOMP/Projetos/Projeto 1/muxGenerico4x1.vhd Line: 13
    Info (12023): Found entity 1: muxGenerico4x1 File: C:/Users/Luiza Valezim/OneDrive/Desktop/Insper/2022.2/Design de Computadores/DESCOMP/Projetos/Projeto 1/muxGenerico4x1.vhd Line: 4
Info (12021): Found 2 design units, including 1 entities, in source file buffer_3_state_8portas.vhd
    Info (12022): Found design unit 1: buffer_3_state_8portas-comportamento File: C:/Users/Luiza Valezim/OneDrive/Desktop/Insper/2022.2/Design de Computadores/DESCOMP/Projetos/Projeto 1/buffer_3_state_8portas.vhd Line: 16
    Info (12023): Found entity 1: buffer_3_state_8portas File: C:/Users/Luiza Valezim/OneDrive/Desktop/Insper/2022.2/Design de Computadores/DESCOMP/Projetos/Projeto 1/buffer_3_state_8portas.vhd Line: 4
Info (12021): Found 2 design units, including 1 entities, in source file somaconstante.vhd
    Info (12022): Found design unit 1: somaConstante-comportamento File: C:/Users/Luiza Valezim/OneDrive/Desktop/Insper/2022.2/Design de Computadores/DESCOMP/Projetos/Projeto 1/somaConstante.vhd Line: 18
    Info (12023): Found entity 1: somaConstante File: C:/Users/Luiza Valezim/OneDrive/Desktop/Insper/2022.2/Design de Computadores/DESCOMP/Projetos/Projeto 1/somaConstante.vhd Line: 5
Info (12021): Found 2 design units, including 1 entities, in source file modelo_sw.vhd
    Info (12022): Found design unit 1: modelo_sw-arch_name File: C:/Users/Luiza Valezim/OneDrive/Desktop/Insper/2022.2/Design de Computadores/DESCOMP/Projetos/Projeto 1/modelo_sw.vhd Line: 12
    Info (12023): Found entity 1: modelo_sw File: C:/Users/Luiza Valezim/OneDrive/Desktop/Insper/2022.2/Design de Computadores/DESCOMP/Projetos/Projeto 1/modelo_sw.vhd Line: 4
Info (12021): Found 2 design units, including 1 entities, in source file reg_hex.vhd
    Info (12022): Found design unit 1: reg_hex-arch_name File: C:/Users/Luiza Valezim/OneDrive/Desktop/Insper/2022.2/Design de Computadores/DESCOMP/Projetos/Projeto 1/reg_hex.vhd Line: 18
    Info (12023): Found entity 1: reg_hex File: C:/Users/Luiza Valezim/OneDrive/Desktop/Insper/2022.2/Design de Computadores/DESCOMP/Projetos/Projeto 1/reg_hex.vhd Line: 4
Info (12021): Found 2 design units, including 1 entities, in source file modelo_key.vhd
    Info (12022): Found design unit 1: modelo_key-arch_name File: C:/Users/Luiza Valezim/OneDrive/Desktop/Insper/2022.2/Design de Computadores/DESCOMP/Projetos/Projeto 1/modelo_key.vhd Line: 13
    Info (12023): Found entity 1: modelo_key File: C:/Users/Luiza Valezim/OneDrive/Desktop/Insper/2022.2/Design de Computadores/DESCOMP/Projetos/Projeto 1/modelo_key.vhd Line: 4
Info (12021): Found 2 design units, including 1 entities, in source file modelo_led.vhd
    Info (12022): Found design unit 1: modelo_led-arch_name File: C:/Users/Luiza Valezim/OneDrive/Desktop/Insper/2022.2/Design de Computadores/DESCOMP/Projetos/Projeto 1/modelo_led.vhd Line: 19
    Info (12023): Found entity 1: modelo_led File: C:/Users/Luiza Valezim/OneDrive/Desktop/Insper/2022.2/Design de Computadores/DESCOMP/Projetos/Projeto 1/modelo_led.vhd Line: 4
Info (12021): Found 2 design units, including 1 entities, in source file modelo_processador_memrom.vhd
    Info (12022): Found design unit 1: modelo_processador_memROM-arch_name File: C:/Users/Luiza Valezim/OneDrive/Desktop/Insper/2022.2/Design de Computadores/DESCOMP/Projetos/Projeto 1/modelo_processador_memROM.vhd Line: 18
    Info (12023): Found entity 1: modelo_processador_memROM File: C:/Users/Luiza Valezim/OneDrive/Desktop/Insper/2022.2/Design de Computadores/DESCOMP/Projetos/Projeto 1/modelo_processador_memROM.vhd Line: 4
Info (12021): Found 3 design units, including 1 entities, in source file edgedetector.vhd
    Info (12022): Found design unit 1: edgeDetector-bordaSubida File: C:/Users/Luiza Valezim/OneDrive/Desktop/Insper/2022.2/Design de Computadores/DESCOMP/Projetos/Projeto 1/edgeDetector.vhd Line: 10
    Info (12022): Found design unit 2: edgeDetector-bordaDescida File: C:/Users/Luiza Valezim/OneDrive/Desktop/Insper/2022.2/Design de Computadores/DESCOMP/Projetos/Projeto 1/edgeDetector.vhd Line: 23
    Info (12023): Found entity 1: edgeDetector File: C:/Users/Luiza Valezim/OneDrive/Desktop/Insper/2022.2/Design de Computadores/DESCOMP/Projetos/Projeto 1/edgeDetector.vhd Line: 4
Info (12021): Found 2 design units, including 1 entities, in source file contador.vhd
    Info (12022): Found design unit 1: contador-arquitetura File: C:/Users/Luiza Valezim/OneDrive/Desktop/Insper/2022.2/Design de Computadores/DESCOMP/Projetos/Projeto 1/contador.vhd Line: 33
    Info (12023): Found entity 1: contador File: C:/Users/Luiza Valezim/OneDrive/Desktop/Insper/2022.2/Design de Computadores/DESCOMP/Projetos/Projeto 1/contador.vhd Line: 4
Info (12021): Found 2 design units, including 1 entities, in source file decoderinstr.vhd
    Info (12022): Found design unit 1: decoderInstr-comportamento File: C:/Users/Luiza Valezim/OneDrive/Desktop/Insper/2022.2/Design de Computadores/DESCOMP/Projetos/Projeto 1/decoderInstr.vhd Line: 10
    Info (12023): Found entity 1: decoderInstr File: C:/Users/Luiza Valezim/OneDrive/Desktop/Insper/2022.2/Design de Computadores/DESCOMP/Projetos/Projeto 1/decoderInstr.vhd Line: 4
Info (12021): Found 2 design units, including 1 entities, in source file decoder3x8.vhd
    Info (12022): Found design unit 1: decoder3x8-comportamento File: C:/Users/Luiza Valezim/OneDrive/Desktop/Insper/2022.2/Design de Computadores/DESCOMP/Projetos/Projeto 1/decoder3x8.vhd Line: 10
    Info (12023): Found entity 1: decoder3x8 File: C:/Users/Luiza Valezim/OneDrive/Desktop/Insper/2022.2/Design de Computadores/DESCOMP/Projetos/Projeto 1/decoder3x8.vhd Line: 4
Info (12021): Found 2 design units, including 1 entities, in source file modelo_desvio.vhd
    Info (12022): Found design unit 1: modelo_desvio-arch_name File: C:/Users/Luiza Valezim/OneDrive/Desktop/Insper/2022.2/Design de Computadores/DESCOMP/Projetos/Projeto 1/modelo_desvio.vhd Line: 15
    Info (12023): Found entity 1: modelo_desvio File: C:/Users/Luiza Valezim/OneDrive/Desktop/Insper/2022.2/Design de Computadores/DESCOMP/Projetos/Projeto 1/modelo_desvio.vhd Line: 4
Info (12021): Found 2 design units, including 1 entities, in source file bancoregistradores.vhd
    Info (12022): Found design unit 1: bancoRegistradores-comportamento File: C:/Users/Luiza Valezim/OneDrive/Desktop/Insper/2022.2/Design de Computadores/DESCOMP/Projetos/Projeto 1/bancoRegistradores.vhd Line: 23
    Info (12023): Found entity 1: bancoRegistradores File: C:/Users/Luiza Valezim/OneDrive/Desktop/Insper/2022.2/Design de Computadores/DESCOMP/Projetos/Projeto 1/bancoRegistradores.vhd Line: 5
Error (10482): VHDL error at modelo_sw.vhd(7): object "larguraDados" is used but not declared File: C:/Users/Luiza Valezim/OneDrive/Desktop/Insper/2022.2/Design de Computadores/DESCOMP/Projetos/Projeto 1/modelo_sw.vhd Line: 7
Error: Quartus Prime Analysis & Elaboration was unsuccessful. 1 error, 1 warning
    Error: Peak virtual memory: 4838 megabytes
    Error: Processing ended: Fri Oct 21 14:23:59 2022
    Error: Elapsed time: 00:00:16
    Error: Total CPU time (on all processors): 00:00:34


