Assembler report for Aula17
Fri Nov 25 18:28:21 2022
Quartus Prime Version 20.1.0 Build 711 06/05/2020 SJ Lite Edition


---------------------
; Table of Contents ;
---------------------
  1. Legal Notice
  2. Assembler Summary
  3. Assembler Settings
  4. Assembler Encrypted IP Cores Summary
  5. Assembler Generated Files
  6. Assembler Device Options: C:/Users/Luiza Valezim/OneDrive/Desktop/Insper/2022.2/Design de Computadores/DESCOMP/Projetos/Projeto 2/Aula_17/output_files/Aula17.sof
  7. Assembler Messages



----------------
; Legal Notice ;
----------------
Copyright (C) 2020  Intel Corporation. All rights reserved.
Your use of Intel Corporation's design tools, logic functions 
and other software and tools, and any partner logic 
functions, and any output files from any of the foregoing 
(including device programming or simulation files), and any 
associated documentation or information are expressly subject 
to the terms and conditions of the Intel Program License 
Subscription Agreement, the Intel Quartus Prime License Agreement,
the Intel FPGA IP License Agreement, or other applicable license
agreement, including, without limitation, that your use is for
the sole purpose of programming logic devices manufactured by
Intel and sold by Intel or its authorized distributors.  Please
refer to the applicable agreement for further details, at
https://fpgasoftware.intel.com/eula.



+---------------------------------------------------------------+
; Assembler Summary                                             ;
+-----------------------+---------------------------------------+
; Assembler Status      ; Successful - Fri Nov 25 18:28:21 2022 ;
; Revision Name         ; Aula17                                ;
; Top-level Entity Name ; MIPS                                  ;
; Family                ; Cyclone V                             ;
; Device                ; 5CEBA4F23C7                           ;
+-----------------------+---------------------------------------+


+----------------------------------+
; Assembler Settings               ;
+--------+---------+---------------+
; Option ; Setting ; Default Value ;
+--------+---------+---------------+


+------------------------------------------------+
; Assembler Encrypted IP Cores Summary           ;
+--------+------------------------+--------------+
; Vendor ; IP Core Name           ; License Type ;
+--------+------------------------+--------------+
; Altera ; Signal Tap (6AF7 BCE1) ; Licensed     ;
; Altera ; Signal Tap (6AF7 BCEC) ; Licensed     ;
+--------+------------------------+--------------+


+-----------------------------------------------------------------------------------------------------------------------------------------+
; Assembler Generated Files                                                                                                               ;
+-----------------------------------------------------------------------------------------------------------------------------------------+
; File Name                                                                                                                               ;
+-----------------------------------------------------------------------------------------------------------------------------------------+
; C:/Users/Luiza Valezim/OneDrive/Desktop/Insper/2022.2/Design de Computadores/DESCOMP/Projetos/Projeto 2/Aula_17/output_files/Aula17.sof ;
+-----------------------------------------------------------------------------------------------------------------------------------------+


+-------------------------------------------------------------------------------------------------------------------------------------------------------------------+
; Assembler Device Options: C:/Users/Luiza Valezim/OneDrive/Desktop/Insper/2022.2/Design de Computadores/DESCOMP/Projetos/Projeto 2/Aula_17/output_files/Aula17.sof ;
+----------------+--------------------------------------------------------------------------------------------------------------------------------------------------+
; Option         ; Setting                                                                                                                                          ;
+----------------+--------------------------------------------------------------------------------------------------------------------------------------------------+
; JTAG usercode  ; 0x008A6A79                                                                                                                                       ;
; Checksum       ; 0x008A6A79                                                                                                                                       ;
+----------------+--------------------------------------------------------------------------------------------------------------------------------------------------+


+--------------------+
; Assembler Messages ;
+--------------------+
Info: *******************************************************************
Info: Running Quartus Prime Assembler
    Info: Version 20.1.0 Build 711 06/05/2020 SJ Lite Edition
    Info: Processing started: Fri Nov 25 18:28:09 2022
Info: Command: quartus_asm --read_settings_files=off --write_settings_files=off Aula17 -c Aula17
Info (115030): Assembler is generating device programming files
Warning (12914): The file, C:/DesComp/Aulas_pos_P1/Aula_17/probesSourcesDebug.sopcinfo, is not embedded into sof file as expected.  Some tools, such as System Console, may not function fully.
Info: Quartus Prime Assembler was successful. 0 errors, 1 warning
    Info: Peak virtual memory: 4840 megabytes
    Info: Processing ended: Fri Nov 25 18:28:21 2022
    Info: Elapsed time: 00:00:12
    Info: Total CPU time (on all processors): 00:00:08


