Analysis & Synthesis report for MIPS
Tue Nov 29 15:28:38 2022
Quartus Prime Version 20.1.0 Build 711 06/05/2020 SJ Lite Edition


---------------------
; Table of Contents ;
---------------------
  1. Legal Notice
  2. Analysis & Synthesis Summary
  3. Analysis & Synthesis Settings
  4. Parallel Compilation
  5. Analysis & Synthesis Messages



----------------
; Legal Notice ;
----------------
Copyright (C) 2020  Intel Corporation. All rights reserved.
Your use of Intel Corporation's design tools, logic functions 
and other software and tools, and any partner logic 
functions, and any output files from any of the foregoing 
(including device programming or simulation files), and any 
associated documentation or information are expressly subject 
to the terms and conditions of the Intel Program License 
Subscription Agreement, the Intel Quartus Prime License Agreement,
the Intel FPGA IP License Agreement, or other applicable license
agreement, including, without limitation, that your use is for
the sole purpose of programming logic devices manufactured by
Intel and sold by Intel or its authorized distributors.  Please
refer to the applicable agreement for further details, at
https://fpgasoftware.intel.com/eula.



+---------------------------------------------------------------------------+
; Analysis & Synthesis Summary                                              ;
+-----------------------------+---------------------------------------------+
; Analysis & Synthesis Status ; Failed - Tue Nov 29 15:28:38 2022           ;
; Quartus Prime Version       ; 20.1.0 Build 711 06/05/2020 SJ Lite Edition ;
; Revision Name               ; MIPS                                        ;
; Top-level Entity Name       ; MIPS                                        ;
; Family                      ; Cyclone V                                   ;
; Logic utilization (in ALMs) ; N/A until Partition Merge                   ;
; Total registers             ; N/A until Partition Merge                   ;
; Total pins                  ; N/A until Partition Merge                   ;
; Total virtual pins          ; N/A until Partition Merge                   ;
; Total block memory bits     ; N/A until Partition Merge                   ;
; Total PLLs                  ; N/A until Partition Merge                   ;
; Total DLLs                  ; N/A until Partition Merge                   ;
+-----------------------------+---------------------------------------------+


+---------------------------------------------------------------------------------------------------------------------------+
; Analysis & Synthesis Settings                                                                                             ;
+---------------------------------------------------------------------------------+--------------------+--------------------+
; Option                                                                          ; Setting            ; Default Value      ;
+---------------------------------------------------------------------------------+--------------------+--------------------+
; Device                                                                          ; 5CEBA4F23C7        ;                    ;
; Top-level entity name                                                           ; MIPS               ; MIPS               ;
; Family name                                                                     ; Cyclone V          ; Cyclone V          ;
; Maximum processors allowed for parallel compilation                             ; All                ;                    ;
; VHDL Show LMF Mapping Messages                                                  ; Off                ;                    ;
; VHDL Version                                                                    ; VHDL_2008          ; VHDL_1993          ;
; Use smart compilation                                                           ; Off                ; Off                ;
; Enable parallel Assembler and Timing Analyzer during compilation                ; On                 ; On                 ;
; Enable compact report table                                                     ; Off                ; Off                ;
; Restructure Multiplexers                                                        ; Auto               ; Auto               ;
; MLAB Add Timing Constraints For Mixed-Port Feed-Through Mode Setting Don't Care ; Off                ; Off                ;
; Create Debugging Nodes for IP Cores                                             ; Off                ; Off                ;
; Preserve fewer node names                                                       ; On                 ; On                 ;
; Intel FPGA IP Evaluation Mode                                                   ; Enable             ; Enable             ;
; Verilog Version                                                                 ; Verilog_2001       ; Verilog_2001       ;
; State Machine Processing                                                        ; Auto               ; Auto               ;
; Safe State Machine                                                              ; Off                ; Off                ;
; Extract Verilog State Machines                                                  ; On                 ; On                 ;
; Extract VHDL State Machines                                                     ; On                 ; On                 ;
; Ignore Verilog initial constructs                                               ; Off                ; Off                ;
; Iteration limit for constant Verilog loops                                      ; 5000               ; 5000               ;
; Iteration limit for non-constant Verilog loops                                  ; 250                ; 250                ;
; Add Pass-Through Logic to Inferred RAMs                                         ; On                 ; On                 ;
; Infer RAMs from Raw Logic                                                       ; On                 ; On                 ;
; Parallel Synthesis                                                              ; On                 ; On                 ;
; DSP Block Balancing                                                             ; Auto               ; Auto               ;
; NOT Gate Push-Back                                                              ; On                 ; On                 ;
; Power-Up Don't Care                                                             ; On                 ; On                 ;
; Remove Redundant Logic Cells                                                    ; Off                ; Off                ;
; Remove Duplicate Registers                                                      ; On                 ; On                 ;
; Ignore CARRY Buffers                                                            ; Off                ; Off                ;
; Ignore CASCADE Buffers                                                          ; Off                ; Off                ;
; Ignore GLOBAL Buffers                                                           ; Off                ; Off                ;
; Ignore ROW GLOBAL Buffers                                                       ; Off                ; Off                ;
; Ignore LCELL Buffers                                                            ; Off                ; Off                ;
; Ignore SOFT Buffers                                                             ; On                 ; On                 ;
; Limit AHDL Integers to 32 Bits                                                  ; Off                ; Off                ;
; Optimization Technique                                                          ; Balanced           ; Balanced           ;
; Carry Chain Length                                                              ; 70                 ; 70                 ;
; Auto Carry Chains                                                               ; On                 ; On                 ;
; Auto Open-Drain Pins                                                            ; On                 ; On                 ;
; Perform WYSIWYG Primitive Resynthesis                                           ; Off                ; Off                ;
; Auto ROM Replacement                                                            ; On                 ; On                 ;
; Auto RAM Replacement                                                            ; On                 ; On                 ;
; Auto DSP Block Replacement                                                      ; On                 ; On                 ;
; Auto Shift Register Replacement                                                 ; Auto               ; Auto               ;
; Allow Shift Register Merging across Hierarchies                                 ; Auto               ; Auto               ;
; Auto Clock Enable Replacement                                                   ; On                 ; On                 ;
; Strict RAM Replacement                                                          ; Off                ; Off                ;
; Allow Synchronous Control Signals                                               ; On                 ; On                 ;
; Force Use of Synchronous Clear Signals                                          ; Off                ; Off                ;
; Auto Resource Sharing                                                           ; Off                ; Off                ;
; Allow Any RAM Size For Recognition                                              ; Off                ; Off                ;
; Allow Any ROM Size For Recognition                                              ; Off                ; Off                ;
; Allow Any Shift Register Size For Recognition                                   ; Off                ; Off                ;
; Use LogicLock Constraints during Resource Balancing                             ; On                 ; On                 ;
; Ignore translate_off and synthesis_off directives                               ; Off                ; Off                ;
; Timing-Driven Synthesis                                                         ; On                 ; On                 ;
; Report Parameter Settings                                                       ; On                 ; On                 ;
; Report Source Assignments                                                       ; On                 ; On                 ;
; Report Connectivity Checks                                                      ; On                 ; On                 ;
; Ignore Maximum Fan-Out Assignments                                              ; Off                ; Off                ;
; Synchronization Register Chain Length                                           ; 3                  ; 3                  ;
; Power Optimization During Synthesis                                             ; Normal compilation ; Normal compilation ;
; HDL message level                                                               ; Level2             ; Level2             ;
; Suppress Register Optimization Related Messages                                 ; Off                ; Off                ;
; Number of Removed Registers Reported in Synthesis Report                        ; 5000               ; 5000               ;
; Number of Swept Nodes Reported in Synthesis Report                              ; 5000               ; 5000               ;
; Number of Inverted Registers Reported in Synthesis Report                       ; 100                ; 100                ;
; Clock MUX Protection                                                            ; On                 ; On                 ;
; Auto Gated Clock Conversion                                                     ; Off                ; Off                ;
; Block Design Naming                                                             ; Auto               ; Auto               ;
; SDC constraint protection                                                       ; Off                ; Off                ;
; Synthesis Effort                                                                ; Auto               ; Auto               ;
; Shift Register Replacement - Allow Asynchronous Clear Signal                    ; On                 ; On                 ;
; Pre-Mapping Resynthesis Optimization                                            ; Off                ; Off                ;
; Analysis & Synthesis Message Level                                              ; Medium             ; Medium             ;
; Disable Register Merging Across Hierarchies                                     ; Auto               ; Auto               ;
; Resource Aware Inference For Block RAM                                          ; On                 ; On                 ;
; Automatic Parallel Synthesis                                                    ; On                 ; On                 ;
; Partial Reconfiguration Bitstream ID                                            ; Off                ; Off                ;
+---------------------------------------------------------------------------------+--------------------+--------------------+


+------------------------------------------+
; Parallel Compilation                     ;
+----------------------------+-------------+
; Processors                 ; Number      ;
+----------------------------+-------------+
; Number detected on machine ; 8           ;
; Maximum allowed            ; 4           ;
;                            ;             ;
; Average used               ; 1.00        ;
; Maximum used               ; 1           ;
;                            ;             ;
; Usage by Processor         ; % Time Used ;
;     Processor 1            ; 100.0%      ;
+----------------------------+-------------+


+-------------------------------+
; Analysis & Synthesis Messages ;
+-------------------------------+
Info: *******************************************************************
Info: Running Quartus Prime Analysis & Synthesis
    Info: Version 20.1.0 Build 711 06/05/2020 SJ Lite Edition
    Info: Processing started: Tue Nov 29 15:28:26 2022
Info: Command: quartus_map --read_settings_files=on --write_settings_files=off MIPS -c MIPS
Info (20030): Parallel compilation is enabled and will use 4 of the 4 processors detected
Info (12021): Found 3 design units, including 1 entities, in source file edgedetector.vhd
    Info (12022): Found design unit 1: edgeDetector-bordaSubida File: C:/Users/Luiza Valezim/OneDrive/Desktop/Insper/2022.2/Design de Computadores/DESCOMP/Projetos/Projeto 2/MIPS - Copia/edgeDetector.vhd Line: 10
    Info (12022): Found design unit 2: edgeDetector-bordaDescida File: C:/Users/Luiza Valezim/OneDrive/Desktop/Insper/2022.2/Design de Computadores/DESCOMP/Projetos/Projeto 2/MIPS - Copia/edgeDetector.vhd Line: 23
    Info (12023): Found entity 1: edgeDetector File: C:/Users/Luiza Valezim/OneDrive/Desktop/Insper/2022.2/Design de Computadores/DESCOMP/Projetos/Projeto 2/MIPS - Copia/edgeDetector.vhd Line: 4
Info (12021): Found 2 design units, including 1 entities, in source file conversorhex7seg.vhd
    Info (12022): Found design unit 1: conversorHex7Seg-comportamento File: C:/Users/Luiza Valezim/OneDrive/Desktop/Insper/2022.2/Design de Computadores/DESCOMP/Projetos/Projeto 2/MIPS - Copia/conversorHex7Seg.vhd Line: 17
    Info (12023): Found entity 1: conversorHex7Seg File: C:/Users/Luiza Valezim/OneDrive/Desktop/Insper/2022.2/Design de Computadores/DESCOMP/Projetos/Projeto 2/MIPS - Copia/conversorHex7Seg.vhd Line: 4
Warning (12019): Can't analyze file -- file ULASomaSub.vhd is missing
Warning (12019): Can't analyze file -- file ULA32bit.vhd is missing
Warning (12019): Can't analyze file -- file ULA1a31bit.vhd is missing
Info (12021): Found 2 design units, including 1 entities, in source file somadorgenerico1bit.vhd
    Info (12022): Found design unit 1: somadorgenerico1bit-comportamento File: C:/Users/Luiza Valezim/OneDrive/Desktop/Insper/2022.2/Design de Computadores/DESCOMP/Projetos/Projeto 2/MIPS - Copia/somadorGenerico1bit.vhd Line: 15
    Info (12023): Found entity 1: somadorgenerico1bit File: C:/Users/Luiza Valezim/OneDrive/Desktop/Insper/2022.2/Design de Computadores/DESCOMP/Projetos/Projeto 2/MIPS - Copia/somadorGenerico1bit.vhd Line: 5
Info (12021): Found 2 design units, including 1 entities, in source file somadorgenerico.vhd
    Info (12022): Found design unit 1: somadorgenerico-comportamento File: C:/Users/Luiza Valezim/OneDrive/Desktop/Insper/2022.2/Design de Computadores/DESCOMP/Projetos/Projeto 2/MIPS - Copia/somadorGenerico.vhd Line: 15
    Info (12023): Found entity 1: somadorgenerico File: C:/Users/Luiza Valezim/OneDrive/Desktop/Insper/2022.2/Design de Computadores/DESCOMP/Projetos/Projeto 2/MIPS - Copia/somadorGenerico.vhd Line: 5
Info (12021): Found 2 design units, including 1 entities, in source file somaconstante.vhd
    Info (12022): Found design unit 1: somaconstante-comportamento File: C:/Users/Luiza Valezim/OneDrive/Desktop/Insper/2022.2/Design de Computadores/DESCOMP/Projetos/Projeto 2/MIPS - Copia/somaConstante.vhd Line: 16
    Info (12023): Found entity 1: somaconstante File: C:/Users/Luiza Valezim/OneDrive/Desktop/Insper/2022.2/Design de Computadores/DESCOMP/Projetos/Projeto 2/MIPS - Copia/somaConstante.vhd Line: 5
Info (12021): Found 2 design units, including 1 entities, in source file shiftsinal.vhd
    Info (12022): Found design unit 1: shiftsignal-comportamento File: C:/Users/Luiza Valezim/OneDrive/Desktop/Insper/2022.2/Design de Computadores/DESCOMP/Projetos/Projeto 2/MIPS - Copia/shiftSinal.vhd Line: 16
    Info (12023): Found entity 1: shiftsignal File: C:/Users/Luiza Valezim/OneDrive/Desktop/Insper/2022.2/Design de Computadores/DESCOMP/Projetos/Projeto 2/MIPS - Copia/shiftSinal.vhd Line: 5
Info (12021): Found 2 design units, including 1 entities, in source file registradorgenerico.vhd
    Info (12022): Found design unit 1: registradorgenerico-comportamento File: C:/Users/Luiza Valezim/OneDrive/Desktop/Insper/2022.2/Design de Computadores/DESCOMP/Projetos/Projeto 2/MIPS - Copia/registradorGenerico.vhd Line: 16
    Info (12023): Found entity 1: registradorgenerico File: C:/Users/Luiza Valezim/OneDrive/Desktop/Insper/2022.2/Design de Computadores/DESCOMP/Projetos/Projeto 2/MIPS - Copia/registradorGenerico.vhd Line: 4
Info (12021): Found 2 design units, including 1 entities, in source file muxgenerico4x1.vhd
    Info (12022): Found design unit 1: muxgenerico4x1-arch_name File: C:/Users/Luiza Valezim/OneDrive/Desktop/Insper/2022.2/Design de Computadores/DESCOMP/Projetos/Projeto 2/MIPS - Copia/muxGenerico4x1.vhd Line: 13
    Info (12023): Found entity 1: muxgenerico4x1 File: C:/Users/Luiza Valezim/OneDrive/Desktop/Insper/2022.2/Design de Computadores/DESCOMP/Projetos/Projeto 2/MIPS - Copia/muxGenerico4x1.vhd Line: 4
Info (12021): Found 2 design units, including 1 entities, in source file muxgenerico2x1.vhd
    Info (12022): Found design unit 1: muxgenerico2x1-comportamento File: C:/Users/Luiza Valezim/OneDrive/Desktop/Insper/2022.2/Design de Computadores/DESCOMP/Projetos/Projeto 2/MIPS - Copia/muxGenerico2x1.vhd Line: 14
    Info (12023): Found entity 1: muxgenerico2x1 File: C:/Users/Luiza Valezim/OneDrive/Desktop/Insper/2022.2/Design de Computadores/DESCOMP/Projetos/Projeto 2/MIPS - Copia/muxGenerico2x1.vhd Line: 4
Info (12021): Found 2 design units, including 1 entities, in source file memoriarom.vhd
    Info (12022): Found design unit 1: memoriaROM-assincrona File: C:/Users/Luiza Valezim/OneDrive/Desktop/Insper/2022.2/Design de Computadores/DESCOMP/Projetos/Projeto 2/MIPS - Copia/memoriaROM.vhd Line: 16
    Info (12023): Found entity 1: memoriaROM File: C:/Users/Luiza Valezim/OneDrive/Desktop/Insper/2022.2/Design de Computadores/DESCOMP/Projetos/Projeto 2/MIPS - Copia/memoriaROM.vhd Line: 5
Info (12021): Found 2 design units, including 1 entities, in source file memoriaram.vhd
    Info (12022): Found design unit 1: memoriaRAM-assincrona File: C:/Users/Luiza Valezim/OneDrive/Desktop/Insper/2022.2/Design de Computadores/DESCOMP/Projetos/Projeto 2/MIPS - Copia/memoriaRAM.vhd Line: 19
    Info (12023): Found entity 1: memoriaRAM File: C:/Users/Luiza Valezim/OneDrive/Desktop/Insper/2022.2/Design de Computadores/DESCOMP/Projetos/Projeto 2/MIPS - Copia/memoriaRAM.vhd Line: 5
Info (12021): Found 2 design units, including 1 entities, in source file flipflopgenerico.vhd
    Info (12022): Found design unit 1: flipflopgenerico-comportamento File: C:/Users/Luiza Valezim/OneDrive/Desktop/Insper/2022.2/Design de Computadores/DESCOMP/Projetos/Projeto 2/MIPS - Copia/flipflopGenerico.vhd Line: 13
    Info (12023): Found entity 1: flipflopgenerico File: C:/Users/Luiza Valezim/OneDrive/Desktop/Insper/2022.2/Design de Computadores/DESCOMP/Projetos/Projeto 2/MIPS - Copia/flipflopGenerico.vhd Line: 4
Warning (12019): Can't analyze file -- file estendeSinal.vhd is missing
Info (12021): Found 2 design units, including 1 entities, in source file decoder.vhd
    Info (12022): Found design unit 1: Decoder-arch_name File: C:/Users/Luiza Valezim/OneDrive/Desktop/Insper/2022.2/Design de Computadores/DESCOMP/Projetos/Projeto 2/MIPS - Copia/Decoder.vhd Line: 14
    Info (12023): Found entity 1: Decoder File: C:/Users/Luiza Valezim/OneDrive/Desktop/Insper/2022.2/Design de Computadores/DESCOMP/Projetos/Projeto 2/MIPS - Copia/Decoder.vhd Line: 5
Info (12021): Found 2 design units, including 1 entities, in source file controleula.vhd
    Info (12022): Found design unit 1: ControleULA-arch_name File: C:/Users/Luiza Valezim/OneDrive/Desktop/Insper/2022.2/Design de Computadores/DESCOMP/Projetos/Projeto 2/MIPS - Copia/ControleULA.vhd Line: 15
    Info (12023): Found entity 1: ControleULA File: C:/Users/Luiza Valezim/OneDrive/Desktop/Insper/2022.2/Design de Computadores/DESCOMP/Projetos/Projeto 2/MIPS - Copia/ControleULA.vhd Line: 5
Info (12021): Found 2 design units, including 1 entities, in source file bancoreg.vhd
    Info (12022): Found design unit 1: bancoReg-comportamento File: C:/Users/Luiza Valezim/OneDrive/Desktop/Insper/2022.2/Design de Computadores/DESCOMP/Projetos/Projeto 2/MIPS - Copia/bancoReg.vhd Line: 28
    Info (12023): Found entity 1: bancoReg File: C:/Users/Luiza Valezim/OneDrive/Desktop/Insper/2022.2/Design de Computadores/DESCOMP/Projetos/Projeto 2/MIPS - Copia/bancoReg.vhd Line: 7
Warning (12019): Can't analyze file -- file Aula17.vhd is missing
Info (12021): Found 2 design units, including 1 entities, in source file decoderopcode.vhd
    Info (12022): Found design unit 1: DecoderOpcode-arch_name File: C:/Users/Luiza Valezim/OneDrive/Desktop/Insper/2022.2/Design de Computadores/DESCOMP/Projetos/Projeto 2/MIPS - Copia/DecoderOpcode.vhd Line: 12
    Info (12023): Found entity 1: DecoderOpcode File: C:/Users/Luiza Valezim/OneDrive/Desktop/Insper/2022.2/Design de Computadores/DESCOMP/Projetos/Projeto 2/MIPS - Copia/DecoderOpcode.vhd Line: 5
Info (12021): Found 2 design units, including 1 entities, in source file decoderfunct.vhd
    Info (12022): Found design unit 1: DecoderFunct-arch_name File: C:/Users/Luiza Valezim/OneDrive/Desktop/Insper/2022.2/Design de Computadores/DESCOMP/Projetos/Projeto 2/MIPS - Copia/DecoderFunct.vhd Line: 13
    Info (12023): Found entity 1: DecoderFunct File: C:/Users/Luiza Valezim/OneDrive/Desktop/Insper/2022.2/Design de Computadores/DESCOMP/Projetos/Projeto 2/MIPS - Copia/DecoderFunct.vhd Line: 5
Warning (12019): Can't analyze file -- file logica_7Seg.vhd is missing
Warning (12019): Can't analyze file -- file debugMonitor.vhd is missing
Info (12021): Found 2 design units, including 1 entities, in source file modelo_7seg.vhd
    Info (12022): Found design unit 1: modelo_7seg-arch_name File: C:/Users/Luiza Valezim/OneDrive/Desktop/Insper/2022.2/Design de Computadores/DESCOMP/Projetos/Projeto 2/MIPS - Copia/modelo_7seg.vhd Line: 20
    Info (12023): Found entity 1: modelo_7seg File: C:/Users/Luiza Valezim/OneDrive/Desktop/Insper/2022.2/Design de Computadores/DESCOMP/Projetos/Projeto 2/MIPS - Copia/modelo_7seg.vhd Line: 5
Info (12021): Found 2 design units, including 1 entities, in source file mips.vhd
    Info (12022): Found design unit 1: MIPS-arquitetura File: C:/Users/Luiza Valezim/OneDrive/Desktop/Insper/2022.2/Design de Computadores/DESCOMP/Projetos/Projeto 2/MIPS - Copia/MIPS.vhd Line: 27
    Info (12023): Found entity 1: MIPS File: C:/Users/Luiza Valezim/OneDrive/Desktop/Insper/2022.2/Design de Computadores/DESCOMP/Projetos/Projeto 2/MIPS - Copia/MIPS.vhd Line: 4
Error (10481): VHDL Use Clause error at MIPS.vhd(150): design library "work" does not contain primary unit "extendSignal". Verify that the primary unit exists in the library and has been successfully compiled. File: C:/Users/Luiza Valezim/OneDrive/Desktop/Insper/2022.2/Design de Computadores/DESCOMP/Projetos/Projeto 2/MIPS - Copia/MIPS.vhd Line: 150
Error: Quartus Prime Analysis & Synthesis was unsuccessful. 1 error, 7 warnings
    Error: Peak virtual memory: 4821 megabytes
    Error: Processing ended: Tue Nov 29 15:28:38 2022
    Error: Elapsed time: 00:00:12
    Error: Total CPU time (on all processors): 00:00:13


